# JRE version: Java(TM) SE Runtime Environment (8.0_45-b14) (build 1.8.0_45-b14)
# Java VM: Java HotSpot(TM) 64-Bit Server VM (25.45-b02 mixed mode bsd-amd64 compressed oops)
Heap:
 PSYoungGen      total 330240K, used 66907K [0x00000007aab00000, 0x00000007c0000000, 0x00000007c0000000)
  eden space 312832K, 21% used [0x00000007aab00000,0x00000007aec56c98,0x00000007bdc80000)
  from space 17408K, 0% used [0x00000007bed00000,0x00000007bed00000,0x00000007bfe00000)
  to   space 16896K, 0% used [0x00000007bdc80000,0x00000007bdc80000,0x00000007bed00000)
 ParOldGen       total 272384K, used 142534K [0x0000000780000000, 0x0000000790a00000, 0x00000007aab00000)
  object space 272384K, 52% used [0x0000000780000000,0x0000000788b31958,0x0000000790a00000)
 Metaspace       used 5805K, capacity 6000K, committed 6144K, reserved 1056768K
  class space    used 616K, capacity 678K, committed 768K, reserved 1048576K
GC Heap History (10 events):
Event: 31.375 GC heap before
{Heap before GC invocations=15 (full 3):
 PSYoungGen      total 330752K, used 64K [0x00000007aab00000, 0x00000007c0000000, 0x00000007c0000000)
  eden space 312320K, 0% used [0x00000007aab00000,0x00000007aab00000,0x00000007bdc00000)
  from space 18432K, 0% used [0x00000007bee00000,0x00000007bee10000,0x00000007c0000000)
  to   space 18432K, 0% used [0x00000007bdc00000,0x00000007bdc00000,0x00000007bee00000)
 ParOldGen       total 126976K, used 103345K [0x0000000780000000, 0x0000000787c00000, 0x00000007aab00000)
  object space 126976K, 81% used [0x0000000780000000,0x00000007864ec410,0x0000000787c00000)
 Metaspace       used 5701K, capacity 5870K, committed 6144K, reserved 1056768K
  class space    used 613K, capacity 676K, committed 768K, reserved 1048576K
Event: 31.616 GC heap after
Heap after GC invocations=15 (full 3):
 PSYoungGen      total 330752K, used 0K [0x00000007aab00000, 0x00000007c0000000, 0x00000007c0000000)
  eden space 312320K, 0% used [0x00000007aab00000,0x00000007aab00000,0x00000007bdc00000)
  from space 18432K, 0% used [0x00000007bee00000,0x00000007bee00000,0x00000007c0000000)
  to   space 18432K, 0% used [0x00000007bdc00000,0x00000007bdc00000,0x00000007bee00000)
 ParOldGen       total 158720K, used 83747K [0x0000000780000000, 0x0000000789b00000, 0x00000007aab00000)
  object space 158720K, 52% used [0x0000000780000000,0x00000007851c8e48,0x0000000789b00000)
 Metaspace       used 5701K, capacity 5870K, committed 6144K, reserved 1056768K
  class space    used 613K, capacity 676K, committed 768K, reserved 1048576K
}
Event: 50.003 GC heap before
{Heap before GC invocations=16 (full 3):
 PSYoungGen      total 330752K, used 312320K [0x00000007aab00000, 0x00000007c0000000, 0x00000007c0000000)
  eden space 312320K, 100% used [0x00000007aab00000,0x00000007bdc00000,0x00000007bdc00000)
  from space 18432K, 0% used [0x00000007bee00000,0x00000007bee00000,0x00000007c0000000)
  to   space 18432K, 0% used [0x00000007bdc00000,0x00000007bdc00000,0x00000007bee00000)
 ParOldGen       total 158720K, used 83747K [0x0000000780000000, 0x0000000789b00000, 0x00000007aab00000)
  object space 158720K, 52% used [0x0000000780000000,0x00000007851c8e48,0x0000000789b00000)
 Metaspace       used 5702K, capacity 5870K, committed 6144K, reserved 1056768K
  class space    used 613K, capacity 676K, committed 768K, reserved 1048576K
Event: 50.125 GC heap after
Heap after GC invocations=16 (full 3):
 PSYoungGen      total 317440K, used 4816K [0x00000007aab00000, 0x00000007bfe00000, 0x00000007c0000000)
  eden space 312320K, 0% used [0x00000007aab00000,0x00000007aab00000,0x00000007bdc00000)
  from space 5120K, 94% used [0x00000007bdc00000,0x00000007be0b4010,0x00000007be100000)
  to   space 17408K, 0% used [0x00000007bed00000,0x00000007bed00000,0x00000007bfe00000)
 ParOldGen       total 197120K, used 160942K [0x0000000780000000, 0x000000078c080000, 0x00000007aab00000)
  object space 197120K, 81% used [0x0000000780000000,0x0000000789d2bbb8,0x000000078c080000)
 Metaspace       used 5702K, capacity 5870K, committed 6144K, reserved 1056768K
  class space    used 613K, capacity 676K, committed 768K, reserved 1048576K
}
Event: 50.125 GC heap before
{Heap before GC invocations=17 (full 4):
 PSYoungGen      total 317440K, used 4816K [0x00000007aab00000, 0x00000007bfe00000, 0x00000007c0000000)
  eden space 312320K, 0% used [0x00000007aab00000,0x00000007aab00000,0x00000007bdc00000)
  from space 5120K, 94% used [0x00000007bdc00000,0x00000007be0b4010,0x00000007be100000)
  to   space 17408K, 0% used [0x00000007bed00000,0x00000007bed00000,0x00000007bfe00000)
 ParOldGen       total 197120K, used 160942K [0x0000000780000000, 0x000000078c080000, 0x00000007aab00000)
  object space 197120K, 81% used [0x0000000780000000,0x0000000789d2bbb8,0x000000078c080000)
 Metaspace       used 5702K, capacity 5870K, committed 6144K, reserved 1056768K
  class space    used 613K, capacity 676K, committed 768K, reserved 1048576K
Event: 50.213 GC heap after
Heap after GC invocations=17 (full 4):
 PSYoungGen      total 317440K, used 0K [0x00000007aab00000, 0x00000007bfe00000, 0x00000007c0000000)
  eden space 312320K, 0% used [0x00000007aab00000,0x00000007aab00000,0x00000007bdc00000)
  from space 5120K, 0% used [0x00000007bdc00000,0x00000007bdc00000,0x00000007be100000)
  to   space 17408K, 0% used [0x00000007bed00000,0x00000007bed00000,0x00000007bfe00000)
 ParOldGen       total 213504K, used 108671K [0x0000000780000000, 0x000000078d080000, 0x00000007aab00000)
  object space 213504K, 50% used [0x0000000780000000,0x0000000786a1ff90,0x000000078d080000)
 Metaspace       used 5702K, capacity 5870K, committed 6144K, reserved 1056768K
  class space    used 613K, capacity 676K, committed 768K, reserved 1048576K
}
Event: 59.357 GC heap before
{Heap before GC invocations=18 (full 4):
 PSYoungGen      total 317440K, used 286545K [0x00000007aab00000, 0x00000007bfe00000, 0x00000007c0000000)
  eden space 312320K, 91% used [0x00000007aab00000,0x00000007bc2d4540,0x00000007bdc00000)
  from space 5120K, 0% used [0x00000007bdc00000,0x00000007bdc00000,0x00000007be100000)
  to   space 17408K, 0% used [0x00000007bed00000,0x00000007bed00000,0x00000007bfe00000)
 ParOldGen       total 213504K, used 108671K [0x0000000780000000, 0x000000078d080000, 0x00000007aab00000)
  object space 213504K, 50% used [0x0000000780000000,0x0000000786a1ff90,0x000000078d080000)
 Metaspace       used 5702K, capacity 5870K, committed 6144K, reserved 1056768K
  class space    used 613K, capacity 676K, committed 768K, reserved 1048576K
Event: 59.427 GC heap after
Heap after GC invocations=18 (full 4):
 PSYoungGen      total 330240K, used 128K [0x00000007aab00000, 0x00000007c0000000, 0x00000007c0000000)
  eden space 312832K, 0% used [0x00000007aab00000,0x00000007aab00000,0x00000007bdc80000)
  from space 17408K, 0% used [0x00000007bed00000,0x00000007bed20000,0x00000007bfe00000)
  to   space 16896K, 0% used [0x00000007bdc80000,0x00000007bdc80000,0x00000007bed00000)
 ParOldGen       total 213504K, used 185285K [0x0000000780000000, 0x000000078d080000, 0x00000007aab00000)
  object space 213504K, 86% used [0x0000000780000000,0x000000078b4f1660,0x000000078d080000)
 Metaspace       used 5702K, capacity 5870K, committed 6144K, reserved 1056768K
  class space    used 613K, capacity 676K, committed 768K, reserved 1048576K
}
Event: 59.427 GC heap before
{Heap before GC invocations=19 (full 5):
 PSYoungGen      total 330240K, used 128K [0x00000007aab00000, 0x00000007c0000000, 0x00000007c0000000)
  eden space 312832K, 0% used [0x00000007aab00000,0x00000007aab00000,0x00000007bdc80000)
  from space 17408K, 0% used [0x00000007bed00000,0x00000007bed20000,0x00000007bfe00000)
  to   space 16896K, 0% used [0x00000007bdc80000,0x00000007bdc80000,0x00000007bed00000)
 ParOldGen       total 213504K, used 185285K [0x0000000780000000, 0x000000078d080000, 0x00000007aab00000)
  object space 213504K, 86% used [0x0000000780000000,0x000000078b4f1660,0x000000078d080000)
 Metaspace       used 5702K, capacity 5870K, committed 6144K, reserved 1056768K
  class space    used 613K, capacity 676K, committed 768K, reserved 1048576K
Event: 59.464 GC heap after
Heap after GC invocations=19 (full 5):
 PSYoungGen      total 330240K, used 0K [0x00000007aab00000, 0x00000007c0000000, 0x00000007c0000000)
  eden space 312832K, 0% used [0x00000007aab00000,0x00000007aab00000,0x00000007bdc80000)
  from space 17408K, 0% used [0x00000007bed00000,0x00000007bed00000,0x00000007bfe00000)
  to   space 16896K, 0% used [0x00000007bdc80000,0x00000007bdc80000,0x00000007bed00000)
 ParOldGen       total 272384K, used 142534K [0x0000000780000000, 0x0000000790a00000, 0x00000007aab00000)
  object space 272384K, 52% used [0x0000000780000000,0x0000000788b31958,0x0000000790a00000)
 Metaspace       used 5702K, capacity 5870K, committed 6144K, reserved 1056768K
  class space    used 613K, capacity 676K, committed 768K, reserved 1048576K
}

